2023-02-03 00:01:19.678  INFO 18464 --- [restartedMain] kr.co.farmstory.FarmstoryApplication     : Starting FarmstoryApplication using Java 17.0.5 on LAPTOP-FKCR453V with PID 18464 (C:\Users\user\Desktop\Workspace\SpringBoot\Farmstory\bin\main started by user in C:\Users\user\Desktop\Workspace\SpringBoot\Farmstory)
2023-02-03 00:01:19.701  INFO 18464 --- [restartedMain] kr.co.farmstory.FarmstoryApplication     : No active profile set, falling back to 1 default profile: "default"
2023-02-03 00:01:19.853  INFO 18464 --- [restartedMain] .e.DevToolsPropertyDefaultsPostProcessor : Devtools property defaults active! Set 'spring.devtools.add-properties' to 'false' to disable
2023-02-03 00:01:19.854  INFO 18464 --- [restartedMain] .e.DevToolsPropertyDefaultsPostProcessor : For additional web related logging consider setting the 'logging.level.web' property to 'DEBUG'
2023-02-03 00:01:21.306  INFO 18464 --- [restartedMain] .s.d.r.c.RepositoryConfigurationDelegate : Bootstrapping Spring Data JPA repositories in DEFAULT mode.
2023-02-03 00:01:21.368  INFO 18464 --- [restartedMain] .s.d.r.c.RepositoryConfigurationDelegate : Finished Spring Data repository scanning in 41 ms. Found 0 JPA repository interfaces.
2023-02-03 00:01:22.690  INFO 18464 --- [restartedMain] o.s.b.w.embedded.tomcat.TomcatWebServer  : Tomcat initialized with port(s): 8181 (http)
2023-02-03 00:01:22.712  INFO 18464 --- [restartedMain] o.apache.catalina.core.StandardService   : Starting service [Tomcat]
2023-02-03 00:01:22.716  INFO 18464 --- [restartedMain] org.apache.catalina.core.StandardEngine  : Starting Servlet engine: [Apache Tomcat/9.0.71]
2023-02-03 00:01:22.896  INFO 18464 --- [restartedMain] o.a.c.c.C.[.[localhost].[/Farmstory]     : Initializing Spring embedded WebApplicationContext
2023-02-03 00:01:22.897  INFO 18464 --- [restartedMain] w.s.c.ServletWebServerApplicationContext : Root WebApplicationContext: initialization completed in 3041 ms
2023-02-03 00:01:23.223  INFO 18464 --- [restartedMain] o.hibernate.jpa.internal.util.LogHelper  : HHH000204: Processing PersistenceUnitInfo [name: default]
2023-02-03 00:01:23.354  INFO 18464 --- [restartedMain] org.hibernate.Version                    : HHH000412: Hibernate ORM core version 5.6.14.Final
2023-02-03 00:01:23.689  INFO 18464 --- [restartedMain] o.hibernate.annotations.common.Version   : HCANN000001: Hibernate Commons Annotations {5.1.2.Final}
2023-02-03 00:01:23.862  INFO 18464 --- [restartedMain] com.zaxxer.hikari.HikariDataSource       : HikariPool-1 - Starting...
2023-02-03 00:01:24.340  INFO 18464 --- [restartedMain] com.zaxxer.hikari.HikariDataSource       : HikariPool-1 - Start completed.
2023-02-03 00:01:24.372  INFO 18464 --- [restartedMain] org.hibernate.dialect.Dialect            : HHH000400: Using dialect: org.hibernate.dialect.MySQL5InnoDBDialect
2023-02-03 00:01:24.857  INFO 18464 --- [restartedMain] o.h.e.t.j.p.i.JtaPlatformInitiator       : HHH000490: Using JtaPlatform implementation: [org.hibernate.engine.transaction.jta.platform.internal.NoJtaPlatform]
2023-02-03 00:01:24.878  INFO 18464 --- [restartedMain] j.LocalContainerEntityManagerFactoryBean : Initialized JPA EntityManagerFactory for persistence unit 'default'
2023-02-03 00:01:25.320  WARN 18464 --- [restartedMain] JpaBaseConfiguration$JpaWebConfiguration : spring.jpa.open-in-view is enabled by default. Therefore, database queries may be performed during view rendering. Explicitly configure spring.jpa.open-in-view to disable this warning
2023-02-03 00:01:25.620  INFO 18464 --- [restartedMain] o.s.s.web.DefaultSecurityFilterChain     : Will secure any request with [org.springframework.security.web.session.DisableEncodeUrlFilter@180d988b, org.springframework.security.web.context.request.async.WebAsyncManagerIntegrationFilter@1b6e4540, org.springframework.security.web.context.SecurityContextPersistenceFilter@2155d891, org.springframework.security.web.header.HeaderWriterFilter@4734789, org.springframework.security.web.authentication.logout.LogoutFilter@7c83702f, org.springframework.security.web.authentication.UsernamePasswordAuthenticationFilter@373877a4, org.springframework.security.web.savedrequest.RequestCacheAwareFilter@5fa57b0, org.springframework.security.web.servletapi.SecurityContextHolderAwareRequestFilter@7c2595ce, org.springframework.security.web.authentication.AnonymousAuthenticationFilter@40655544, org.springframework.security.web.session.SessionManagementFilter@5710d6ed, org.springframework.security.web.access.ExceptionTranslationFilter@64c8009f, org.springframework.security.web.access.intercept.FilterSecurityInterceptor@7e23f2f9]
2023-02-03 00:01:25.875  INFO 18464 --- [restartedMain] o.s.b.a.w.s.WelcomePageHandlerMapping    : Adding welcome page template: index
2023-02-03 00:01:26.270  INFO 18464 --- [restartedMain] o.s.b.d.a.OptionalLiveReloadServer       : LiveReload server is running on port 35729
2023-02-03 00:01:26.351  INFO 18464 --- [restartedMain] o.s.b.w.embedded.tomcat.TomcatWebServer  : Tomcat started on port(s): 8181 (http) with context path '/Farmstory'
2023-02-03 00:01:26.368  INFO 18464 --- [restartedMain] kr.co.farmstory.FarmstoryApplication     : Started FarmstoryApplication in 7.462 seconds (JVM running for 9.228)
2023-02-03 00:02:42.446  INFO 18464 --- [http-nio-8181-exec-1] o.a.c.c.C.[.[localhost].[/Farmstory]     : Initializing Spring DispatcherServlet 'dispatcherServlet'
2023-02-03 00:02:42.446  INFO 18464 --- [http-nio-8181-exec-1] o.s.web.servlet.DispatcherServlet        : Initializing Servlet 'dispatcherServlet'
2023-02-03 00:02:42.449  INFO 18464 --- [http-nio-8181-exec-1] o.s.web.servlet.DispatcherServlet        : Completed initialization in 2 ms
2023-02-03 00:02:59.932  INFO 18464 --- [http-nio-8181-exec-3] k.c.farmstory.controller.UserController  : result0
2023-02-03 00:02:59.936  INFO 18464 --- [http-nio-8181-exec-3] k.c.farmstory.controller.UserController  : code632595
2023-02-03 00:12:09.748  INFO 18464 --- [RMI TCP Connection(15)-127.0.0.1] inMXBeanRegistrar$SpringApplicationAdmin : Application shutdown requested.
2023-02-03 00:12:09.885  INFO 18464 --- [RMI TCP Connection(15)-127.0.0.1] o.apache.catalina.core.StandardService   : Stopping service [Tomcat]
2023-02-03 00:12:09.887  INFO 18464 --- [RMI TCP Connection(15)-127.0.0.1] o.a.c.c.C.[.[localhost].[/Farmstory]     : Destroying Spring FrameworkServlet 'dispatcherServlet'
2023-02-03 00:12:09.902  INFO 18464 --- [RMI TCP Connection(15)-127.0.0.1] j.LocalContainerEntityManagerFactoryBean : Closing JPA EntityManagerFactory for persistence unit 'default'
2023-02-03 00:12:09.908  INFO 18464 --- [RMI TCP Connection(15)-127.0.0.1] com.zaxxer.hikari.HikariDataSource       : HikariPool-1 - Shutdown initiated...
2023-02-03 00:12:09.927  INFO 18464 --- [RMI TCP Connection(15)-127.0.0.1] com.zaxxer.hikari.HikariDataSource       : HikariPool-1 - Shutdown completed.
2023-02-03 00:48:40.948  INFO 25296 --- [restartedMain] kr.co.farmstory.FarmstoryApplication     : Starting FarmstoryApplication using Java 17.0.5 on LAPTOP-FKCR453V with PID 25296 (C:\Users\user\Desktop\Workspace\SpringBoot\Farmstory\bin\main started by user in C:\Users\user\Desktop\Workspace\SpringBoot\Farmstory)
2023-02-03 00:48:40.951  INFO 25296 --- [restartedMain] kr.co.farmstory.FarmstoryApplication     : No active profile set, falling back to 1 default profile: "default"
2023-02-03 00:48:41.088  INFO 25296 --- [restartedMain] .e.DevToolsPropertyDefaultsPostProcessor : Devtools property defaults active! Set 'spring.devtools.add-properties' to 'false' to disable
2023-02-03 00:48:41.089  INFO 25296 --- [restartedMain] .e.DevToolsPropertyDefaultsPostProcessor : For additional web related logging consider setting the 'logging.level.web' property to 'DEBUG'
2023-02-03 00:48:42.518  INFO 25296 --- [restartedMain] .s.d.r.c.RepositoryConfigurationDelegate : Bootstrapping Spring Data JPA repositories in DEFAULT mode.
2023-02-03 00:48:42.563  INFO 25296 --- [restartedMain] .s.d.r.c.RepositoryConfigurationDelegate : Finished Spring Data repository scanning in 22 ms. Found 0 JPA repository interfaces.
2023-02-03 00:48:44.022  INFO 25296 --- [restartedMain] o.s.b.w.embedded.tomcat.TomcatWebServer  : Tomcat initialized with port(s): 8181 (http)
2023-02-03 00:48:44.051  INFO 25296 --- [restartedMain] o.apache.catalina.core.StandardService   : Starting service [Tomcat]
2023-02-03 00:48:44.052  INFO 25296 --- [restartedMain] org.apache.catalina.core.StandardEngine  : Starting Servlet engine: [Apache Tomcat/9.0.71]
2023-02-03 00:48:44.290  INFO 25296 --- [restartedMain] o.a.c.c.C.[.[localhost].[/Farmstory]     : Initializing Spring embedded WebApplicationContext
2023-02-03 00:48:44.292  INFO 25296 --- [restartedMain] w.s.c.ServletWebServerApplicationContext : Root WebApplicationContext: initialization completed in 3202 ms
2023-02-03 00:48:44.718  INFO 25296 --- [restartedMain] o.hibernate.jpa.internal.util.LogHelper  : HHH000204: Processing PersistenceUnitInfo [name: default]
2023-02-03 00:48:44.863  INFO 25296 --- [restartedMain] org.hibernate.Version                    : HHH000412: Hibernate ORM core version 5.6.14.Final
2023-02-03 00:48:45.225  INFO 25296 --- [restartedMain] o.hibernate.annotations.common.Version   : HCANN000001: Hibernate Commons Annotations {5.1.2.Final}
2023-02-03 00:48:45.455  INFO 25296 --- [restartedMain] com.zaxxer.hikari.HikariDataSource       : HikariPool-1 - Starting...
2023-02-03 00:48:45.970  INFO 25296 --- [restartedMain] com.zaxxer.hikari.HikariDataSource       : HikariPool-1 - Start completed.
2023-02-03 00:48:46.017  INFO 25296 --- [restartedMain] org.hibernate.dialect.Dialect            : HHH000400: Using dialect: org.hibernate.dialect.MySQL5InnoDBDialect
2023-02-03 00:48:46.626  INFO 25296 --- [restartedMain] o.h.e.t.j.p.i.JtaPlatformInitiator       : HHH000490: Using JtaPlatform implementation: [org.hibernate.engine.transaction.jta.platform.internal.NoJtaPlatform]
2023-02-03 00:48:46.651  INFO 25296 --- [restartedMain] j.LocalContainerEntityManagerFactoryBean : Initialized JPA EntityManagerFactory for persistence unit 'default'
2023-02-03 00:48:47.189  WARN 25296 --- [restartedMain] JpaBaseConfiguration$JpaWebConfiguration : spring.jpa.open-in-view is enabled by default. Therefore, database queries may be performed during view rendering. Explicitly configure spring.jpa.open-in-view to disable this warning
2023-02-03 00:48:47.507  INFO 25296 --- [restartedMain] o.s.s.web.DefaultSecurityFilterChain     : Will secure any request with [org.springframework.security.web.session.DisableEncodeUrlFilter@7892d373, org.springframework.security.web.context.request.async.WebAsyncManagerIntegrationFilter@db1e507, org.springframework.security.web.context.SecurityContextPersistenceFilter@6172e74, org.springframework.security.web.header.HeaderWriterFilter@8acfdc3, org.springframework.security.web.authentication.logout.LogoutFilter@78cde289, org.springframework.security.web.authentication.UsernamePasswordAuthenticationFilter@1d889c95, org.springframework.security.web.savedrequest.RequestCacheAwareFilter@5319791b, org.springframework.security.web.servletapi.SecurityContextHolderAwareRequestFilter@49b1f0c, org.springframework.security.web.authentication.AnonymousAuthenticationFilter@6d338f3c, org.springframework.security.web.session.SessionManagementFilter@6aab8da, org.springframework.security.web.access.ExceptionTranslationFilter@3e54f70d, org.springframework.security.web.access.intercept.FilterSecurityInterceptor@58401f20]
2023-02-03 00:48:47.833  INFO 25296 --- [restartedMain] o.s.b.a.w.s.WelcomePageHandlerMapping    : Adding welcome page template: index
2023-02-03 00:48:48.338  INFO 25296 --- [restartedMain] o.s.b.d.a.OptionalLiveReloadServer       : LiveReload server is running on port 35729
2023-02-03 00:48:48.421  INFO 25296 --- [restartedMain] o.s.b.w.embedded.tomcat.TomcatWebServer  : Tomcat started on port(s): 8181 (http) with context path '/Farmstory'
2023-02-03 00:48:48.442  INFO 25296 --- [restartedMain] kr.co.farmstory.FarmstoryApplication     : Started FarmstoryApplication in 8.386 seconds (JVM running for 11.487)
2023-02-03 00:49:18.791  INFO 25296 --- [http-nio-8181-exec-1] o.a.c.c.C.[.[localhost].[/Farmstory]     : Initializing Spring DispatcherServlet 'dispatcherServlet'
2023-02-03 00:49:18.792  INFO 25296 --- [http-nio-8181-exec-1] o.s.web.servlet.DispatcherServlet        : Initializing Servlet 'dispatcherServlet'
2023-02-03 00:49:18.797  INFO 25296 --- [http-nio-8181-exec-1] o.s.web.servlet.DispatcherServlet        : Completed initialization in 2 ms
2023-02-03 01:06:51.157  INFO 25296 --- [RMI TCP Connection(21)-127.0.0.1] inMXBeanRegistrar$SpringApplicationAdmin : Application shutdown requested.
2023-02-03 01:06:51.263  INFO 25296 --- [RMI TCP Connection(21)-127.0.0.1] o.apache.catalina.core.StandardService   : Stopping service [Tomcat]
2023-02-03 01:06:51.265  INFO 25296 --- [RMI TCP Connection(21)-127.0.0.1] o.a.c.c.C.[.[localhost].[/Farmstory]     : Destroying Spring FrameworkServlet 'dispatcherServlet'
2023-02-03 01:06:51.280  INFO 25296 --- [RMI TCP Connection(21)-127.0.0.1] j.LocalContainerEntityManagerFactoryBean : Closing JPA EntityManagerFactory for persistence unit 'default'
2023-02-03 01:06:51.287  INFO 25296 --- [RMI TCP Connection(21)-127.0.0.1] com.zaxxer.hikari.HikariDataSource       : HikariPool-1 - Shutdown initiated...
2023-02-03 01:06:51.306  INFO 25296 --- [RMI TCP Connection(21)-127.0.0.1] com.zaxxer.hikari.HikariDataSource       : HikariPool-1 - Shutdown completed.
